#
# A fatal error has been detected by the Java Runtime Environment:
#
#  EXCEPTION_ACCESS_VIOLATION (0xc0000005) at pc=0x00007ffd598c6710, pid=35352, tid=36600
#
# JRE version: Java(TM) SE Runtime Environment (16.0+36) (build 16+36-2231)
# Java VM: Java HotSpot(TM) 64-Bit Server VM (16+36-2231, mixed mode, sharing, tiered, compressed oops, g1 gc, windows-amd64)
# Problematic frame:
# C  [prism_d3d.dll+0x6710]
#
# No core dump will be written. Minidumps are not enabled by default on client versions of Windows
#
# If you would like to submit a bug report, please visit:
#   https://bugreport.java.com/bugreport/crash.jsp
# The crash happened outside the Java Virtual Machine in native code.
# See problematic frame for where to report the bug.
#

---------------  S U M M A R Y ------------

Command Line: -agentlib:jdwp=transport=dt_socket,address=127.0.0.1:49275,suspend=y,server=n --module-path=C:\javaFX\javafx-sdk-16\lib --add-modules=javafx.controls,javafx.fxml -javaagent:C:\Users\dror\AppData\Local\JetBrains\IdeaIC2020.3\captureAgent\debugger-agent.jar -Dfile.encoding=UTF-8 view.Main

Host: Intel(R) Core(TM) i5-1035G1 CPU @ 1.00GHz, 8 cores, 7G,  Windows 10 , 64 bit Build 19041 (10.0.19041.928)
Time: Tue May 25 08:00:03 2021  Windows 10 , 64 bit Build 19041 (10.0.19041.928) elapsed time: 22.269429 seconds (0d 0h 0m 22s)

---------------  T H R E A D  ---------------

Current thread (0x000002a3f29c2b90):  JavaThread "JavaFX Application Thread" [_thread_in_native, id=36600, stack(0x000000bdce400000,0x000000bdce500000)]

Stack: [0x000000bdce400000,0x000000bdce500000],  sp=0x000000bdce4fdfd0,  free space=1015k
Native frames: (J=compiled Java code, j=interpreted, Vv=VM code, C=native code)
C  [prism_d3d.dll+0x6710]

Java frames: (J=compiled Java code, j=interpreted, Vv=VM code)
j  com.sun.prism.d3d.D3DPipeline.nGetMaxSampleSupport(I)I+0 javafx.graphics
j  com.sun.prism.d3d.D3DPipeline.isMSAASupported()Z+9 javafx.graphics
j  com.sun.javafx.tk.quantum.QuantumToolkit.isMSAASupported()Z+3 javafx.graphics
j  javafx.scene.Scene.getAntiAliasingInternal()Z+10 javafx.graphics
j  javafx.scene.Scene.initPeer()V+91 javafx.graphics
j  javafx.scene.Scene$2.initPeer(Ljavafx/scene/Scene;)V+1 javafx.graphics
j  com.sun.javafx.scene.SceneHelper.initPeer(Ljavafx/scene/Scene;)V+4 javafx.graphics
j  javafx.stage.Window$12.invalidated()V+352 javafx.graphics
J 1894 c1 javafx.beans.property.BooleanPropertyBase.set(Z)V javafx.base (76 bytes) @ 0x000002a3d94ab884 [0x000002a3d94ab300+0x0000000000000584]
j  javafx.stage.Window.setShowing(Z)V+11 javafx.graphics
j  javafx.stage.Window.show()V+2 javafx.graphics
j  javafx.stage.Stage.show()V+1 javafx.graphics
j  view.Main.start(Ljavafx/stage/Stage;)V+124
j  com.sun.javafx.application.LauncherImpl.lambda$launchApplication1$9(Ljava/util/concurrent/atomic/AtomicBoolean;Ljavafx/application/Application;)V+20 javafx.graphics
j  com.sun.javafx.application.LauncherImpl$$Lambda$102+0x0000000800c88f00.run()V+8 javafx.graphics
j  com.sun.javafx.application.PlatformImpl.lambda$runAndWait$12(Ljava/lang/Runnable;Ljava/util/concurrent/CountDownLatch;)V+1 javafx.graphics
j  com.sun.javafx.application.PlatformImpl$$Lambda$95+0x0000000800c82ab8.run()V+8 javafx.graphics
j  com.sun.javafx.application.PlatformImpl.lambda$runLater$10(Ljava/lang/Runnable;)Ljava/lang/Void;+1 javafx.graphics
j  com.sun.javafx.application.PlatformImpl$$Lambda$97+0x0000000800c83d30.run()Ljava/lang/Object;+4 javafx.graphics
j  java.security.AccessController.executePrivileged(Ljava/security/PrivilegedAction;Ljava/security/AccessControlContext;Ljava/lang/Class;)Ljava/lang/Object;+29 java.base@16
j  java.security.AccessController.doPrivileged(Ljava/security/PrivilegedAction;Ljava/security/AccessControlContext;)Ljava/lang/Object;+13 java.base@16
j  com.sun.javafx.application.PlatformImpl.lambda$runLater$11(Ljava/lang/Runnable;Ljava/security/AccessControlContext;)V+7 javafx.graphics
j  com.sun.javafx.application.PlatformImpl$$Lambda$96+0x0000000800c82ed0.run()V+8 javafx.graphics
j  com.sun.glass.ui.InvokeLaterDispatcher$Future.run$$$capture()V+4 javafx.graphics
j  com.sun.glass.ui.InvokeLaterDispatcher$Future.run()V+8 javafx.graphics
v  ~StubRoutines::call_stub
j  com.sun.glass.ui.win.WinApplication._runLoop(Ljava/lang/Runnable;)V+0 javafx.graphics
j  com.sun.glass.ui.win.WinApplication.lambda$runLoop$3(ILjava/lang/Runnable;)V+8 javafx.graphics
j  com.sun.glass.ui.win.WinApplication$$Lambda$85+0x0000000800c31790.run()V+12 javafx.graphics
j  java.lang.Thread.run()V+11 java.base@16
v  ~StubRoutines::call_stub

siginfo: EXCEPTION_ACCESS_VIOLATION (0xc0000005), reading address 0x0000000000000000


Register to memory mapping:

RIP=0x00007ffd598c6710 prism_d3d.dll
RAX=0x00007ffd598c66f0 prism_d3d.dll
RBX=0x0 is NULL
RCX=0x0 is NULL
RDX=0x000000bdce4fe088 is pointing into the stack for thread: 0x000002a3f29c2b90
RSP=0x000000bdce4fdfd0 is pointing into the stack for thread: 0x000002a3f29c2b90
RBP=0x000000bdce4fe078 is pointing into the stack for thread: 0x000002a3f29c2b90
RSI=0x000002a3f7cd9e00 is pointing into metadata
RDI=0x0 is NULL
R8 =0x0 is NULL
R9 =0x0000000000000005 is an unknown value
R10=0x000002a3d8b61da3 is at code_begin+1955 in an Interpreter codelet
method entry point (kind = native)  [0x000002a3d8b61600, 0x000002a3d8b62780]  4480 bytes
R11=0x000000008344f138 is an oop: java.lang.Class 
{0x000000008344f138} - klass: 'java/lang/Class'
R12=0x0 is NULL
R13={method} {0x000002a3f00cefd0} 'nGetMaxSampleSupport' '(I)I' in 'com/sun/prism/d3d/D3DPipeline'
R14=0x000000bdce4fe098 is pointing into the stack for thread: 0x000002a3f29c2b90
R15=0x000002a3f29c2b90 is a thread


Registers:
RAX=0x00007ffd598c66f0, RBX=0x0000000000000000, RCX=0x0000000000000000, RDX=0x000000bdce4fe088
RSP=0x000000bdce4fdfd0, RBP=0x000000bdce4fe078, RSI=0x000002a3f7cd9e00, RDI=0x0000000000000000
R8 =0x0000000000000000, R9 =0x0000000000000005, R10=0x000002a3d8b61da3, R11=0x000000008344f138
R12=0x0000000000000000, R13=0x000002a3f00cefc8, R14=0x000000bdce4fe098, R15=0x000002a3f29c2b90
RIP=0x00007ffd598c6710, EFLAGS=0x0000000000010202

Top of Stack: (sp=0x000000bdce4fdfd0)
0x000000bdce4fdfd0:   000002a3f29c2b00 000002a3f00cefc8
0x000000bdce4fdfe0:   000002a3f00cefc8 0000000800c85888
0x000000bdce4fdff0:   0000000800c85888 000002a3d8b61dd2
0x000000bdce4fe000:   000002a3f00cefc8 000002a3f7cd9e00
0x000000bdce4fe010:   000002a3f29c2b90 00007ffd3331fc34
0x000000bdce4fe020:   000002a3f00cf8c0 000002a3d8b616b6
0x000000bdce4fe030:   000000bdce4fe030 000002a3f00cefc8
0x000000bdce4fe040:   000000bdce4fe098 000002a3f00d0000
0x000000bdce4fe050:   0000000000000000 000000008344f138
0x000000bdce4fe060:   000002a3f00cefc8 0000000000000000
0x000000bdce4fe070:   000000bdce4fe098 000000bdce4fe0f0
0x000000bdce4fe080:   000002a3d8b5a336 000000008344f138
0x000000bdce4fe090:   000002a3d8b5d9f6 0000000000000000
0x000000bdce4fe0a0:   000000008321b4a8 000000bdce4fe0a8
0x000000bdce4fe0b0:   000002a3f00cf8a1 000000bdce4fe100
0x000000bdce4fe0c0:   000002a3f00d0000 0000000000000000 

Instructions: (pc=0x00007ffd598c6710)
0x00007ffd598c6610:   8b c7 48 8b d6 ff 90 68 03 00 00 48 8b 03 4c 8d
0x00007ffd598c6620:   0d fb 53 01 00 44 8b 74 24 3c 4c 8d 05 57 55 01
0x00007ffd598c6630:   00 48 8b d5 48 8b cb ff 90 f0 02 00 00 48 8b e8
0x00007ffd598c6640:   48 8b cb 48 8b 03 ff 90 20 07 00 00 48 8b cb 84
0x00007ffd598c6650:   c0 74 0b 48 8b 03 ff 90 88 00 00 00 eb 13 4c 8b
0x00007ffd598c6660:   13 45 8b ce 4c 8b c5 48 8b d6 41 ff 92 68 03 00
0x00007ffd598c6670:   00 4c 8b bc 24 e0 06 00 00 48 8b 17 48 8b cf ff
0x00007ffd598c6680:   52 10 4c 8b b4 24 18 07 00 00 48 8b c6 eb 0b 48
0x00007ffd598c6690:   8b 07 48 8b cf ff 50 10 33 c0 48 8b 8c 24 d0 06
0x00007ffd598c66a0:   00 00 48 33 cc e8 26 41 00 00 48 81 c4 e8 06 00
0x00007ffd598c66b0:   00 5f 5e 5d 5b c3 cc cc cc cc cc cc cc cc cc cc
0x00007ffd598c66c0:   40 53 48 83 ec 20 48 8b d9 e8 c2 10 00 00 48 85
0x00007ffd598c66d0:   c0 74 15 4c 8b 03 48 8b d0 48 8b cb 48 83 c4 20
0x00007ffd598c66e0:   5b 49 ff a0 38 05 00 00 48 83 c4 20 5b c3 cc cc
0x00007ffd598c66f0:   48 89 5c 24 08 57 48 83 ec 20 48 8b 3d df cb 01
0x00007ffd598c6700:   00 41 8b d8 48 85 ff 74 0f 48 8b 7f 08 48 8b cf
0x00007ffd598c6710:   48 8b 07 ff 50 08 eb 16 48 8b 05 a9 cb 01 00 48
0x00007ffd598c6720:   85 c0 74 25 b9 20 00 00 00 ff d0 48 8b f8 48 85
0x00007ffd598c6730:   ff 74 16 48 8b 17 48 8b cf ff 52 20 48 8b cf 3b
0x00007ffd598c6740:   d8 72 13 48 8b 17 ff 52 10 33 c0 48 8b 5c 24 30
0x00007ffd598c6750:   48 83 c4 20 5f c3 8b d3 e8 73 f9 ff ff 48 8b 17
0x00007ffd598c6760:   48 8b cf 8b d8 ff 52 10 8b c3 48 8b 5c 24 30 48
0x00007ffd598c6770:   83 c4 20 5f c3 cc cc cc cc cc cc cc cc cc cc cc
0x00007ffd598c6780:   48 89 5c 24 08 57 48 83 ec 40 48 83 3d 4e cb 01
0x00007ffd598c6790:   00 00 49 8b d8 48 8b f9 74 19 48 8d 0d 87 52 01
0x00007ffd598c67a0:   00 e8 fa 13 00 00 32 c0 48 8b 5c 24 50 48 83 c4
0x00007ffd598c67b0:   40 5f c3 e8 78 08 00 00 85 c0 79 19 48 8d 0d 95
0x00007ffd598c67c0:   52 01 00 e8 d8 13 00 00 32 c0 48 8b 5c 24 50 48
0x00007ffd598c67d0:   83 c4 40 5f c3 48 8d 05 34 52 01 00 48 89 7c 24
0x00007ffd598c67e0:   28 48 8d 4c 24 20 48 89 44 24 20 48 89 5c 24 30
0x00007ffd598c67f0:   e8 7b 08 00 00 48 8b d8 48 85 c0 75 16 e8 8e 0f
0x00007ffd598c6800:   00 00 48 85 c0 75 0c 48 8d 0d 6a 52 01 00 e8 8d 


Stack slot to memory mapping:
stack at sp + 0 slots: 0x000002a3f29c2b00 points into unknown readable memory: 0x088201311606f478 | 78 f4 06 16 31 01 82 08
stack at sp + 1 slots: {method} {0x000002a3f00cefd0} 'nGetMaxSampleSupport' '(I)I' in 'com/sun/prism/d3d/D3DPipeline'
stack at sp + 2 slots: {method} {0x000002a3f00cefd0} 'nGetMaxSampleSupport' '(I)I' in 'com/sun/prism/d3d/D3DPipeline'
stack at sp + 3 slots: 0x0000000800c85888 is a pointer to class: 
javafx.stage.Stage {0x0000000800c85890}
stack at sp + 4 slots: 0x0000000800c85888 is a pointer to class: 
javafx.stage.Stage {0x0000000800c85890}
stack at sp + 5 slots: 0x000002a3d8b61dd2 is at code_begin+2002 in an Interpreter codelet
method entry point (kind = native)  [0x000002a3d8b61600, 0x000002a3d8b62780]  4480 bytes
stack at sp + 6 slots: {method} {0x000002a3f00cefd0} 'nGetMaxSampleSupport' '(I)I' in 'com/sun/prism/d3d/D3DPipeline'
stack at sp + 7 slots: 0x000002a3f7cd9e00 is pointing into metadata


---------------  P R O C E S S  ---------------

Threads class SMR info:
_java_thread_list=0x000002a3f17f0410, length=19, elements={
0x000002a3cfbdbdb0, 0x000002a3efa711f0, 0x000002a3efa71df0, 0x000002a3efa85930,
0x000002a3efaa8350, 0x000002a3efaaad60, 0x000002a3efaab760, 0x000002a3efaac490,
0x000002a3efabfc50, 0x000002a3efac91b0, 0x000002a3efa50050, 0x000002a3f07459f0,
0x000002a3f05c16a0, 0x000002a3f29b56a0, 0x000002a3f29c2b90, 0x000002a3f1a552c0,
0x000002a3f1a7b010, 0x000002a3f2fe7f00, 0x000002a3f2fe8ef0
}

Java Threads: ( => current thread )
  0x000002a3cfbdbdb0 JavaThread "main" [_thread_blocked, id=31028, stack(0x000000bdcca00000,0x000000bdccb00000)]
  0x000002a3efa711f0 JavaThread "Reference Handler" daemon [_thread_blocked, id=10536, stack(0x000000bdcd100000,0x000000bdcd200000)]
  0x000002a3efa71df0 JavaThread "Finalizer" daemon [_thread_blocked, id=37772, stack(0x000000bdcd200000,0x000000bdcd300000)]
  0x000002a3efa85930 JavaThread "Signal Dispatcher" daemon [_thread_blocked, id=24188, stack(0x000000bdcd300000,0x000000bdcd400000)]
  0x000002a3efaa8350 JavaThread "Attach Listener" daemon [_thread_blocked, id=26412, stack(0x000000bdcd400000,0x000000bdcd500000)]
  0x000002a3efaaad60 JavaThread "Service Thread" daemon [_thread_blocked, id=38552, stack(0x000000bdcd500000,0x000000bdcd600000)]
  0x000002a3efaab760 JavaThread "Monitor Deflation Thread" daemon [_thread_blocked, id=35868, stack(0x000000bdcd600000,0x000000bdcd700000)]
  0x000002a3efaac490 JavaThread "C2 CompilerThread0" daemon [_thread_blocked, id=27644, stack(0x000000bdcd700000,0x000000bdcd800000)]
  0x000002a3efabfc50 JavaThread "C1 CompilerThread0" daemon [_thread_blocked, id=4344, stack(0x000000bdcd800000,0x000000bdcd900000)]
  0x000002a3efac91b0 JavaThread "Sweeper thread" daemon [_thread_blocked, id=12276, stack(0x000000bdcd900000,0x000000bdcda00000)]
  0x000002a3efa50050 JavaThread "Common-Cleaner" daemon [_thread_blocked, id=23700, stack(0x000000bdcda00000,0x000000bdcdb00000)]
  0x000002a3f07459f0 JavaThread "JDWP Event Helper Thread" daemon [_thread_blocked, id=6352, stack(0x000000bdcde00000,0x000000bdcdf00000)]
  0x000002a3f05c16a0 JavaThread "Notification Thread" daemon [_thread_blocked, id=34356, stack(0x000000bdce000000,0x000000bdce100000)]
  0x000002a3f29b56a0 JavaThread "InvokeLaterDispatcher" daemon [_thread_blocked, id=16596, stack(0x000000bdce300000,0x000000bdce400000)]
=>0x000002a3f29c2b90 JavaThread "JavaFX Application Thread" [_thread_in_native, id=36600, stack(0x000000bdce400000,0x000000bdce500000)]
  0x000002a3f1a552c0 JavaThread "JavaFX-Launcher" [_thread_blocked, id=29508, stack(0x000000bdce900000,0x000000bdcea00000)]
  0x000002a3f1a7b010 JavaThread "Thread-2" daemon [_thread_in_native, id=31944, stack(0x000000bdce800000,0x000000bdce900000)]
  0x000002a3f2fe7f00 JavaThread "Prism Font Disposer" daemon [_thread_blocked, id=34176, stack(0x000000bdcf100000,0x000000bdcf200000)]
  0x000002a3f2fe8ef0 JavaThread "SIGINT handler" daemon [_thread_blocked, id=14044, stack(0x000000bdcdf00000,0x000000bdce000000)]

Other Threads:
  0x000002a3efa692e0 VMThread "VM Thread" [stack: 0x000000bdcd000000,0x000000bdcd100000] [id=38336]
  0x000002a3f13290a0 WatcherThread [stack: 0x000000bdce100000,0x000000bdce200000] [id=1584]
  0x000002a3cfc1d3e0 GCTaskThread "GC Thread#0" [stack: 0x000000bdccb00000,0x000000bdccc00000] [id=36152]
  0x000002a3f1920070 GCTaskThread "GC Thread#1" [stack: 0x000000bdcea00000,0x000000bdceb00000] [id=31464]
  0x000002a3f2cb1f30 GCTaskThread "GC Thread#2" [stack: 0x000000bdceb00000,0x000000bdcec00000] [id=38124]
  0x000002a3f1a4a250 GCTaskThread "GC Thread#3" [stack: 0x000000bdcec00000,0x000000bdced00000] [id=38288]
  0x000002a3f1940530 GCTaskThread "GC Thread#4" [stack: 0x000000bdced00000,0x000000bdcee00000] [id=32204]
  0x000002a3f1936420 GCTaskThread "GC Thread#5" [stack: 0x000000bdcee00000,0x000000bdcef00000] [id=31484]
  0x000002a3f2cc1390 GCTaskThread "GC Thread#6" [stack: 0x000000bdcef00000,0x000000bdcf000000] [id=34872]
  0x000002a3f12a4ba0 GCTaskThread "GC Thread#7" [stack: 0x000000bdcf000000,0x000000bdcf100000] [id=28492]
  0x000002a3cfc2dee0 ConcurrentGCThread "G1 Main Marker" [stack: 0x000000bdccc00000,0x000000bdccd00000] [id=32148]
  0x000002a3cfc2f170 ConcurrentGCThread "G1 Conc#0" [stack: 0x000000bdccd00000,0x000000bdcce00000] [id=26676]
  0x000002a3cfcb7770 ConcurrentGCThread "G1 Refine#0" [stack: 0x000000bdcce00000,0x000000bdccf00000] [id=36128]
  0x000002a3cfcb8270 ConcurrentGCThread "G1 Service" [stack: 0x000000bdccf00000,0x000000bdcd000000] [id=37928]

Threads with active compile tasks:

VM state: not at safepoint (normal execution)

VM Mutex/Monitor currently owned by a thread: None

Heap address: 0x0000000083200000, size: 1998 MB, Compressed Oops mode: 32-bit
CDS archive(s) mapped at: [0x0000000800000000-0x0000000800bb0000-0x0000000800bb0000), size 12255232, SharedBaseAddress: 0x0000000800000000, ArchiveRelocationMode: 0.
Compressed class space mapped at: 0x0000000800c00000-0x0000000840c00000, reserved size: 1073741824
Narrow klass base: 0x0000000800000000, Narrow klass shift: 3, Narrow klass range: 0x100000000

GC Precious Log:
 CPUs: 8 total, 8 available
 Memory: 7987M
 Large Page Support: Disabled
 NUMA Support: Disabled
 Compressed Oops: Enabled (32-bit)
 Heap Region Size: 1M
 Heap Min Capacity: 8M
 Heap Initial Capacity: 126M
 Heap Max Capacity: 1998M
 Pre-touch: Disabled
 Parallel Workers: 8
 Concurrent Workers: 2
 Concurrent Refinement Workers: 8
 Periodic GC: Disabled

Heap:
 garbage-first heap   total 129024K, used 16155K [0x0000000083200000, 0x0000000100000000)
  region size 1024K, 14 young (14336K), 4 survivors (4096K)
 Metaspace       used 13667K, committed 13888K, reserved 1064960K
  class space    used 1912K, committed 2048K, reserved 1048576K

Heap Regions: E=young(eden), S=young(survivor), O=old, HS=humongous(starts), HC=humongous(continues), CS=collection set, F=free, OA=open archive, CA=closed archive, TAMS=top-at-mark-start (previous, next)
|   0|0x0000000083200000, 0x0000000083300000, 0x0000000083300000|100%| O|  |TAMS 0x0000000083200000, 0x0000000083200000| Untracked 
|   1|0x0000000083300000, 0x0000000083400000, 0x0000000083400000|100%| O|  |TAMS 0x0000000083300000, 0x0000000083300000| Untracked 
|   2|0x0000000083400000, 0x00000000834ec000, 0x0000000083500000| 92%| O|  |TAMS 0x0000000083400000, 0x0000000083400000| Untracked 
|   3|0x0000000083500000, 0x0000000083500000, 0x0000000083600000|  0%| F|  |TAMS 0x0000000083500000, 0x0000000083500000| Untracked 
|   4|0x0000000083600000, 0x0000000083600000, 0x0000000083700000|  0%| F|  |TAMS 0x0000000083600000, 0x0000000083600000| Untracked 
|   5|0x0000000083700000, 0x0000000083700000, 0x0000000083800000|  0%| F|  |TAMS 0x0000000083700000, 0x0000000083700000| Untracked 
|   6|0x0000000083800000, 0x0000000083800000, 0x0000000083900000|  0%| F|  |TAMS 0x0000000083800000, 0x0000000083800000| Untracked 
|   7|0x0000000083900000, 0x0000000083900000, 0x0000000083a00000|  0%| F|  |TAMS 0x0000000083900000, 0x0000000083900000| Untracked 
|   8|0x0000000083a00000, 0x0000000083a00000, 0x0000000083b00000|  0%| F|  |TAMS 0x0000000083a00000, 0x0000000083a00000| Untracked 
|   9|0x0000000083b00000, 0x0000000083b00000, 0x0000000083c00000|  0%| F|  |TAMS 0x0000000083b00000, 0x0000000083b00000| Untracked 
|  10|0x0000000083c00000, 0x0000000083c00000, 0x0000000083d00000|  0%| F|  |TAMS 0x0000000083c00000, 0x0000000083c00000| Untracked 
|  11|0x0000000083d00000, 0x0000000083d00000, 0x0000000083e00000|  0%| F|  |TAMS 0x0000000083d00000, 0x0000000083d00000| Untracked 
|  12|0x0000000083e00000, 0x0000000083e00000, 0x0000000083f00000|  0%| F|  |TAMS 0x0000000083e00000, 0x0000000083e00000| Untracked 
|  13|0x0000000083f00000, 0x0000000083f00000, 0x0000000084000000|  0%| F|  |TAMS 0x0000000083f00000, 0x0000000083f00000| Untracked 
|  14|0x0000000084000000, 0x0000000084000000, 0x0000000084100000|  0%| F|  |TAMS 0x0000000084000000, 0x0000000084000000| Untracked 
|  15|0x0000000084100000, 0x0000000084100000, 0x0000000084200000|  0%| F|  |TAMS 0x0000000084100000, 0x0000000084100000| Untracked 
|  16|0x0000000084200000, 0x0000000084200000, 0x0000000084300000|  0%| F|  |TAMS 0x0000000084200000, 0x0000000084200000| Untracked 
|  17|0x0000000084300000, 0x0000000084300000, 0x0000000084400000|  0%| F|  |TAMS 0x0000000084300000, 0x0000000084300000| Untracked 
|  18|0x0000000084400000, 0x0000000084400000, 0x0000000084500000|  0%| F|  |TAMS 0x0000000084400000, 0x0000000084400000| Untracked 
|  19|0x0000000084500000, 0x0000000084500000, 0x0000000084600000|  0%| F|  |TAMS 0x0000000084500000, 0x0000000084500000| Untracked 
|  20|0x0000000084600000, 0x0000000084600000, 0x0000000084700000|  0%| F|  |TAMS 0x0000000084600000, 0x0000000084600000| Untracked 
|  21|0x0000000084700000, 0x0000000084700000, 0x0000000084800000|  0%| F|  |TAMS 0x0000000084700000, 0x0000000084700000| Untracked 
|  22|0x0000000084800000, 0x0000000084800000, 0x0000000084900000|  0%| F|  |TAMS 0x0000000084800000, 0x0000000084800000| Untracked 
|  23|0x0000000084900000, 0x0000000084900000, 0x0000000084a00000|  0%| F|  |TAMS 0x0000000084900000, 0x0000000084900000| Untracked 
|  24|0x0000000084a00000, 0x0000000084a00000, 0x0000000084b00000|  0%| F|  |TAMS 0x0000000084a00000, 0x0000000084a00000| Untracked 
|  25|0x0000000084b00000, 0x0000000084b00000, 0x0000000084c00000|  0%| F|  |TAMS 0x0000000084b00000, 0x0000000084b00000| Untracked 
|  26|0x0000000084c00000, 0x0000000084c00000, 0x0000000084d00000|  0%| F|  |TAMS 0x0000000084c00000, 0x0000000084c00000| Untracked 
|  27|0x0000000084d00000, 0x0000000084d00000, 0x0000000084e00000|  0%| F|  |TAMS 0x0000000084d00000, 0x0000000084d00000| Untracked 
|  28|0x0000000084e00000, 0x0000000084e00000, 0x0000000084f00000|  0%| F|  |TAMS 0x0000000084e00000, 0x0000000084e00000| Untracked 
|  29|0x0000000084f00000, 0x0000000084f00000, 0x0000000085000000|  0%| F|  |TAMS 0x0000000084f00000, 0x0000000084f00000| Untracked 
|  30|0x0000000085000000, 0x0000000085000000, 0x0000000085100000|  0%| F|  |TAMS 0x0000000085000000, 0x0000000085000000| Untracked 
|  31|0x0000000085100000, 0x0000000085100000, 0x0000000085200000|  0%| F|  |TAMS 0x0000000085100000, 0x0000000085100000| Untracked 
|  32|0x0000000085200000, 0x0000000085200000, 0x0000000085300000|  0%| F|  |TAMS 0x0000000085200000, 0x0000000085200000| Untracked 
|  33|0x0000000085300000, 0x0000000085300000, 0x0000000085400000|  0%| F|  |TAMS 0x0000000085300000, 0x0000000085300000| Untracked 
|  34|0x0000000085400000, 0x0000000085400000, 0x0000000085500000|  0%| F|  |TAMS 0x0000000085400000, 0x0000000085400000| Untracked 
|  35|0x0000000085500000, 0x0000000085500000, 0x0000000085600000|  0%| F|  |TAMS 0x0000000085500000, 0x0000000085500000| Untracked 
|  36|0x0000000085600000, 0x0000000085600000, 0x0000000085700000|  0%| F|  |TAMS 0x0000000085600000, 0x0000000085600000| Untracked 
|  37|0x0000000085700000, 0x0000000085700000, 0x0000000085800000|  0%| F|  |TAMS 0x0000000085700000, 0x0000000085700000| Untracked 
|  38|0x0000000085800000, 0x0000000085800000, 0x0000000085900000|  0%| F|  |TAMS 0x0000000085800000, 0x0000000085800000| Untracked 
|  39|0x0000000085900000, 0x0000000085900000, 0x0000000085a00000|  0%| F|  |TAMS 0x0000000085900000, 0x0000000085900000| Untracked 
|  40|0x0000000085a00000, 0x0000000085a00000, 0x0000000085b00000|  0%| F|  |TAMS 0x0000000085a00000, 0x0000000085a00000| Untracked 
|  41|0x0000000085b00000, 0x0000000085b00000, 0x0000000085c00000|  0%| F|  |TAMS 0x0000000085b00000, 0x0000000085b00000| Untracked 
|  42|0x0000000085c00000, 0x0000000085c00000, 0x0000000085d00000|  0%| F|  |TAMS 0x0000000085c00000, 0x0000000085c00000| Untracked 
|  43|0x0000000085d00000, 0x0000000085d00000, 0x0000000085e00000|  0%| F|  |TAMS 0x0000000085d00000, 0x0000000085d00000| Untracked 
|  44|0x0000000085e00000, 0x0000000085e00000, 0x0000000085f00000|  0%| F|  |TAMS 0x0000000085e00000, 0x0000000085e00000| Untracked 
|  45|0x0000000085f00000, 0x0000000085f00000, 0x0000000086000000|  0%| F|  |TAMS 0x0000000085f00000, 0x0000000085f00000| Untracked 
|  46|0x0000000086000000, 0x0000000086000000, 0x0000000086100000|  0%| F|  |TAMS 0x0000000086000000, 0x0000000086000000| Untracked 
|  47|0x0000000086100000, 0x0000000086100000, 0x0000000086200000|  0%| F|  |TAMS 0x0000000086100000, 0x0000000086100000| Untracked 
|  48|0x0000000086200000, 0x0000000086200000, 0x0000000086300000|  0%| F|  |TAMS 0x0000000086200000, 0x0000000086200000| Untracked 
|  49|0x0000000086300000, 0x0000000086300000, 0x0000000086400000|  0%| F|  |TAMS 0x0000000086300000, 0x0000000086300000| Untracked 
|  50|0x0000000086400000, 0x0000000086400000, 0x0000000086500000|  0%| F|  |TAMS 0x0000000086400000, 0x0000000086400000| Untracked 
|  51|0x0000000086500000, 0x0000000086500000, 0x0000000086600000|  0%| F|  |TAMS 0x0000000086500000, 0x0000000086500000| Untracked 
|  52|0x0000000086600000, 0x0000000086600000, 0x0000000086700000|  0%| F|  |TAMS 0x0000000086600000, 0x0000000086600000| Untracked 
|  53|0x0000000086700000, 0x0000000086700000, 0x0000000086800000|  0%| F|  |TAMS 0x0000000086700000, 0x0000000086700000| Untracked 
|  54|0x0000000086800000, 0x0000000086800000, 0x0000000086900000|  0%| F|  |TAMS 0x0000000086800000, 0x0000000086800000| Untracked 
|  55|0x0000000086900000, 0x0000000086900000, 0x0000000086a00000|  0%| F|  |TAMS 0x0000000086900000, 0x0000000086900000| Untracked 
|  56|0x0000000086a00000, 0x0000000086a00000, 0x0000000086b00000|  0%| F|  |TAMS 0x0000000086a00000, 0x0000000086a00000| Untracked 
|  57|0x0000000086b00000, 0x0000000086b00000, 0x0000000086c00000|  0%| F|  |TAMS 0x0000000086b00000, 0x0000000086b00000| Untracked 
|  58|0x0000000086c00000, 0x0000000086c00000, 0x0000000086d00000|  0%| F|  |TAMS 0x0000000086c00000, 0x0000000086c00000| Untracked 
|  59|0x0000000086d00000, 0x0000000086d00000, 0x0000000086e00000|  0%| F|  |TAMS 0x0000000086d00000, 0x0000000086d00000| Untracked 
|  60|0x0000000086e00000, 0x0000000086e00000, 0x0000000086f00000|  0%| F|  |TAMS 0x0000000086e00000, 0x0000000086e00000| Untracked 
|  61|0x0000000086f00000, 0x0000000086f00000, 0x0000000087000000|  0%| F|  |TAMS 0x0000000086f00000, 0x0000000086f00000| Untracked 
|  62|0x0000000087000000, 0x0000000087000000, 0x0000000087100000|  0%| F|  |TAMS 0x0000000087000000, 0x0000000087000000| Untracked 
|  63|0x0000000087100000, 0x0000000087100000, 0x0000000087200000|  0%| F|  |TAMS 0x0000000087100000, 0x0000000087100000| Untracked 
|  64|0x0000000087200000, 0x0000000087200000, 0x0000000087300000|  0%| F|  |TAMS 0x0000000087200000, 0x0000000087200000| Untracked 
|  65|0x0000000087300000, 0x0000000087300000, 0x0000000087400000|  0%| F|  |TAMS 0x0000000087300000, 0x0000000087300000| Untracked 
|  66|0x0000000087400000, 0x0000000087400000, 0x0000000087500000|  0%| F|  |TAMS 0x0000000087400000, 0x0000000087400000| Untracked 
|  67|0x0000000087500000, 0x0000000087500000, 0x0000000087600000|  0%| F|  |TAMS 0x0000000087500000, 0x0000000087500000| Untracked 
|  68|0x0000000087600000, 0x0000000087600000, 0x0000000087700000|  0%| F|  |TAMS 0x0000000087600000, 0x0000000087600000| Untracked 
|  69|0x0000000087700000, 0x0000000087700000, 0x0000000087800000|  0%| F|  |TAMS 0x0000000087700000, 0x0000000087700000| Untracked 
|  70|0x0000000087800000, 0x0000000087800000, 0x0000000087900000|  0%| F|  |TAMS 0x0000000087800000, 0x0000000087800000| Untracked 
|  71|0x0000000087900000, 0x0000000087900000, 0x0000000087a00000|  0%| F|  |TAMS 0x0000000087900000, 0x0000000087900000| Untracked 
|  72|0x0000000087a00000, 0x0000000087a00000, 0x0000000087b00000|  0%| F|  |TAMS 0x0000000087a00000, 0x0000000087a00000| Untracked 
|  73|0x0000000087b00000, 0x0000000087b00000, 0x0000000087c00000|  0%| F|  |TAMS 0x0000000087b00000, 0x0000000087b00000| Untracked 
|  74|0x0000000087c00000, 0x0000000087c00000, 0x0000000087d00000|  0%| F|  |TAMS 0x0000000087c00000, 0x0000000087c00000| Untracked 
|  75|0x0000000087d00000, 0x0000000087d00000, 0x0000000087e00000|  0%| F|  |TAMS 0x0000000087d00000, 0x0000000087d00000| Untracked 
|  76|0x0000000087e00000, 0x0000000087e00000, 0x0000000087f00000|  0%| F|  |TAMS 0x0000000087e00000, 0x0000000087e00000| Untracked 
|  77|0x0000000087f00000, 0x0000000087f00000, 0x0000000088000000|  0%| F|  |TAMS 0x0000000087f00000, 0x0000000087f00000| Untracked 
|  78|0x0000000088000000, 0x0000000088000000, 0x0000000088100000|  0%| F|  |TAMS 0x0000000088000000, 0x0000000088000000| Untracked 
|  79|0x0000000088100000, 0x0000000088100000, 0x0000000088200000|  0%| F|  |TAMS 0x0000000088100000, 0x0000000088100000| Untracked 
|  80|0x0000000088200000, 0x0000000088200000, 0x0000000088300000|  0%| F|  |TAMS 0x0000000088200000, 0x0000000088200000| Untracked 
|  81|0x0000000088300000, 0x0000000088300000, 0x0000000088400000|  0%| F|  |TAMS 0x0000000088300000, 0x0000000088300000| Untracked 
|  82|0x0000000088400000, 0x0000000088400000, 0x0000000088500000|  0%| F|  |TAMS 0x0000000088400000, 0x0000000088400000| Untracked 
|  83|0x0000000088500000, 0x0000000088500000, 0x0000000088600000|  0%| F|  |TAMS 0x0000000088500000, 0x0000000088500000| Untracked 
|  84|0x0000000088600000, 0x0000000088600000, 0x0000000088700000|  0%| F|  |TAMS 0x0000000088600000, 0x0000000088600000| Untracked 
|  85|0x0000000088700000, 0x0000000088700000, 0x0000000088800000|  0%| F|  |TAMS 0x0000000088700000, 0x0000000088700000| Untracked 
|  86|0x0000000088800000, 0x0000000088800000, 0x0000000088900000|  0%| F|  |TAMS 0x0000000088800000, 0x0000000088800000| Untracked 
|  87|0x0000000088900000, 0x00000000889dae10, 0x0000000088a00000| 85%| S|CS|TAMS 0x0000000088900000, 0x0000000088900000| Complete 
|  88|0x0000000088a00000, 0x0000000088b00000, 0x0000000088b00000|100%| S|CS|TAMS 0x0000000088a00000, 0x0000000088a00000| Complete 
|  89|0x0000000088b00000, 0x0000000088c00000, 0x0000000088c00000|100%| S|CS|TAMS 0x0000000088b00000, 0x0000000088b00000| Complete 
|  90|0x0000000088c00000, 0x0000000088d00000, 0x0000000088d00000|100%| S|CS|TAMS 0x0000000088c00000, 0x0000000088c00000| Complete 
|  91|0x0000000088d00000, 0x0000000088d00000, 0x0000000088e00000|  0%| F|  |TAMS 0x0000000088d00000, 0x0000000088d00000| Untracked 
|  92|0x0000000088e00000, 0x0000000088e00000, 0x0000000088f00000|  0%| F|  |TAMS 0x0000000088e00000, 0x0000000088e00000| Untracked 
|  93|0x0000000088f00000, 0x0000000088f00000, 0x0000000089000000|  0%| F|  |TAMS 0x0000000088f00000, 0x0000000088f00000| Untracked 
|  94|0x0000000089000000, 0x0000000089000000, 0x0000000089100000|  0%| F|  |TAMS 0x0000000089000000, 0x0000000089000000| Untracked 
|  95|0x0000000089100000, 0x0000000089100000, 0x0000000089200000|  0%| F|  |TAMS 0x0000000089100000, 0x0000000089100000| Untracked 
|  96|0x0000000089200000, 0x0000000089200000, 0x0000000089300000|  0%| F|  |TAMS 0x0000000089200000, 0x0000000089200000| Untracked 
|  97|0x0000000089300000, 0x0000000089300000, 0x0000000089400000|  0%| F|  |TAMS 0x0000000089300000, 0x0000000089300000| Untracked 
|  98|0x0000000089400000, 0x0000000089400000, 0x0000000089500000|  0%| F|  |TAMS 0x0000000089400000, 0x0000000089400000| Untracked 
|  99|0x0000000089500000, 0x0000000089500000, 0x0000000089600000|  0%| F|  |TAMS 0x0000000089500000, 0x0000000089500000| Untracked 
| 100|0x0000000089600000, 0x0000000089600000, 0x0000000089700000|  0%| F|  |TAMS 0x0000000089600000, 0x0000000089600000| Untracked 
| 101|0x0000000089700000, 0x0000000089700000, 0x0000000089800000|  0%| F|  |TAMS 0x0000000089700000, 0x0000000089700000| Untracked 
| 102|0x0000000089800000, 0x0000000089800000, 0x0000000089900000|  0%| F|  |TAMS 0x0000000089800000, 0x0000000089800000| Untracked 
| 103|0x0000000089900000, 0x0000000089900000, 0x0000000089a00000|  0%| F|  |TAMS 0x0000000089900000, 0x0000000089900000| Untracked 
| 104|0x0000000089a00000, 0x0000000089a00000, 0x0000000089b00000|  0%| F|  |TAMS 0x0000000089a00000, 0x0000000089a00000| Untracked 
| 105|0x0000000089b00000, 0x0000000089b00000, 0x0000000089c00000|  0%| F|  |TAMS 0x0000000089b00000, 0x0000000089b00000| Untracked 
| 106|0x0000000089c00000, 0x0000000089c00000, 0x0000000089d00000|  0%| F|  |TAMS 0x0000000089c00000, 0x0000000089c00000| Untracked 
| 107|0x0000000089d00000, 0x0000000089d00000, 0x0000000089e00000|  0%| F|  |TAMS 0x0000000089d00000, 0x0000000089d00000| Untracked 
| 108|0x0000000089e00000, 0x0000000089e00000, 0x0000000089f00000|  0%| F|  |TAMS 0x0000000089e00000, 0x0000000089e00000| Untracked 
| 109|0x0000000089f00000, 0x0000000089f00000, 0x000000008a000000|  0%| F|  |TAMS 0x0000000089f00000, 0x0000000089f00000| Untracked 
| 110|0x000000008a000000, 0x000000008a000000, 0x000000008a100000|  0%| F|  |TAMS 0x000000008a000000, 0x000000008a000000| Untracked 
| 111|0x000000008a100000, 0x000000008a100000, 0x000000008a200000|  0%| F|  |TAMS 0x000000008a100000, 0x000000008a100000| Untracked 
| 112|0x000000008a200000, 0x000000008a200000, 0x000000008a300000|  0%| F|  |TAMS 0x000000008a200000, 0x000000008a200000| Untracked 
| 113|0x000000008a300000, 0x000000008a300000, 0x000000008a400000|  0%| F|  |TAMS 0x000000008a300000, 0x000000008a300000| Untracked 
| 114|0x000000008a400000, 0x000000008a400000, 0x000000008a500000|  0%| F|  |TAMS 0x000000008a400000, 0x000000008a400000| Untracked 
| 115|0x000000008a500000, 0x000000008a500000, 0x000000008a600000|  0%| F|  |TAMS 0x000000008a500000, 0x000000008a500000| Untracked 
| 116|0x000000008a600000, 0x000000008a680800, 0x000000008a700000| 50%| E|  |TAMS 0x000000008a600000, 0x000000008a600000| Complete 
| 117|0x000000008a700000, 0x000000008a800000, 0x000000008a800000|100%| E|CS|TAMS 0x000000008a700000, 0x000000008a700000| Complete 
| 118|0x000000008a800000, 0x000000008a900000, 0x000000008a900000|100%| E|CS|TAMS 0x000000008a800000, 0x000000008a800000| Complete 
| 119|0x000000008a900000, 0x000000008aa00000, 0x000000008aa00000|100%| E|CS|TAMS 0x000000008a900000, 0x000000008a900000| Complete 
| 120|0x000000008aa00000, 0x000000008ab00000, 0x000000008ab00000|100%| E|CS|TAMS 0x000000008aa00000, 0x000000008aa00000| Complete 
| 121|0x000000008ab00000, 0x000000008ac00000, 0x000000008ac00000|100%| E|CS|TAMS 0x000000008ab00000, 0x000000008ab00000| Complete 
| 122|0x000000008ac00000, 0x000000008ad00000, 0x000000008ad00000|100%| E|CS|TAMS 0x000000008ac00000, 0x000000008ac00000| Complete 
| 123|0x000000008ad00000, 0x000000008ae00000, 0x000000008ae00000|100%| E|CS|TAMS 0x000000008ad00000, 0x000000008ad00000| Complete 
| 124|0x000000008ae00000, 0x000000008af00000, 0x000000008af00000|100%| E|CS|TAMS 0x000000008ae00000, 0x000000008ae00000| Complete 
| 125|0x000000008af00000, 0x000000008b000000, 0x000000008b000000|100%| E|CS|TAMS 0x000000008af00000, 0x000000008af00000| Complete 

Card table byte_map: [0x000002a3e89a0000,0x000002a3e8d90000] _byte_map_base: 0x000002a3e8587000

Marking Bits (Prev, Next): (CMBitMap*) 0x000002a3cfc1dad0, (CMBitMap*) 0x000002a3cfc1db10
 Prev Bits: [0x000002a3e9180000, 0x000002a3eb0b8000)
 Next Bits: [0x000002a3eb0c0000, 0x000002a3ecff8000)

Polling page: 0x000002a3cfcc0000

Metaspace:

Usage:
  Non-class:     11.48 MB used.
      Class:      1.87 MB used.
       Both:     13.35 MB used.

Virtual space:
  Non-class space:       16.00 MB reserved,      11.56 MB ( 72%) committed,  2 nodes.
      Class space:        1.00 GB reserved,       2.00 MB ( <1%) committed,  1 nodes.
              Both:        1.02 GB reserved,      13.56 MB (  1%) committed. 

Chunk freelists:
   Non-Class:  398.00 KB
       Class:  1.92 MB
        Both:  2.31 MB

MaxMetaspaceSize: 17179869184.00 GB
CompressedClassSpaceSize: 1.00 GB
 - commit_granule_bytes: 65536.
 - commit_granule_words: 8192.
 - virtual_space_node_default_size: 1048576.
 - enlarge_chunks_in_place: 1.
 - new_chunks_are_fully_committed: 0.
 - uncommit_free_chunks: 1.
 - use_allocation_guard: 0.
 - handle_deallocations: 1.


Internal statistics:

num_allocs_failed_limit: 0.
num_arena_births: 230.
num_arena_deaths: 0.
num_vsnodes_births: 3.
num_vsnodes_deaths: 0.
num_space_committed: 217.
num_space_uncommitted: 0.
num_chunks_returned_to_freelist: 0.
num_chunks_taken_from_freelist: 700.
num_chunk_merges: 0.
num_chunk_splits: 457.
num_chunks_enlarged: 311.
num_purges: 0.

CodeHeap 'non-profiled nmethods': size=120000Kb used=768Kb max_used=768Kb free=119232Kb
 bounds [0x000002a3e0620000, 0x000002a3e0890000, 0x000002a3e7b50000]
CodeHeap 'profiled nmethods': size=120000Kb used=4139Kb max_used=4139Kb free=115860Kb
 bounds [0x000002a3d90f0000, 0x000002a3d9500000, 0x000002a3e0620000]
CodeHeap 'non-nmethods': size=5760Kb used=1415Kb max_used=1484Kb free=4344Kb
 bounds [0x000002a3d8b50000, 0x000002a3d8dc0000, 0x000002a3d90f0000]
 total_blobs=2684 nmethods=2014 adapters=582
 compilation: enabled
              stopped_count=0, restarted_count=0
 full_count=0

Compilation events (20 events):
Event: 22.227 Thread 0x000002a3efabfc50 2004       3       java.lang.invoke.MethodType$ConcurrentWeakInternSet::add (66 bytes)
Event: 22.227 Thread 0x000002a3efaac490 2008       4       jdk.internal.access.SharedSecrets::getJavaLangAccess (4 bytes)
Event: 22.227 Thread 0x000002a3efaac490 nmethod 2008 0x000002a3e06df190 code [0x000002a3e06df300, 0x000002a3e06df378]
Event: 22.228 Thread 0x000002a3efabfc50 nmethod 2004 0x000002a3d94f6d90 code [0x000002a3d94f7000, 0x000002a3d94f7e68]
Event: 22.228 Thread 0x000002a3efabfc50 2005       3       java.lang.invoke.BootstrapMethodInvoker::maybeReBoxElements (24 bytes)
Event: 22.228 Thread 0x000002a3efabfc50 nmethod 2005 0x000002a3d94f8390 code [0x000002a3d94f8580, 0x000002a3d94f8c08]
Event: 22.228 Thread 0x000002a3efabfc50 2007       3       java.lang.invoke.MethodType$ConcurrentWeakInternSet$WeakEntry::<init> (15 bytes)
Event: 22.228 Thread 0x000002a3efabfc50 nmethod 2007 0x000002a3d94f8d90 code [0x000002a3d94f8f60, 0x000002a3d94f9388]
Event: 22.228 Thread 0x000002a3efabfc50 2006       3       java.lang.invoke.BootstrapMethodInvoker::isLambdaMetafactoryIndyBSM (13 bytes)
Event: 22.229 Thread 0x000002a3efabfc50 nmethod 2006 0x000002a3d94f9510 code [0x000002a3d94f96a0, 0x000002a3d94f97f8]
Event: 22.252 Thread 0x000002a3efabfc50 2009       3       java.lang.invoke.MethodHandles$Lookup::hasFullPrivilegeAccess (18 bytes)
Event: 22.253 Thread 0x000002a3efabfc50 nmethod 2009 0x000002a3d94f9890 code [0x000002a3d94f9a20, 0x000002a3d94f9b98]
Event: 22.253 Thread 0x000002a3efabfc50 2010       3       java.lang.invoke.DirectMethodHandle::preparedLambdaForm (6 bytes)
Event: 22.253 Thread 0x000002a3efabfc50 nmethod 2010 0x000002a3d94f9c10 code [0x000002a3d94f9dc0, 0x000002a3d94f9ee8]
Event: 22.254 Thread 0x000002a3efabfc50 2011       3       sun.invoke.util.Wrapper::isSubwordOrInt (20 bytes)
Event: 22.255 Thread 0x000002a3efabfc50 nmethod 2011 0x000002a3d94f9f90 code [0x000002a3d94fa160, 0x000002a3d94fa578]
Event: 22.255 Thread 0x000002a3efabfc50 2012       3       sun.invoke.util.Wrapper::isIntegral (23 bytes)
Event: 22.255 Thread 0x000002a3efabfc50 nmethod 2012 0x000002a3d94fa690 code [0x000002a3d94fa840, 0x000002a3d94faa98]
Event: 22.255 Thread 0x000002a3efabfc50 2013       3       sun.invoke.util.Wrapper::isNumeric (16 bytes)
Event: 22.255 Thread 0x000002a3efabfc50 nmethod 2013 0x000002a3d94fab90 code [0x000002a3d94fad20, 0x000002a3d94fae98]

GC Heap History (4 events):
Event: 0.792 GC heap before
{Heap before GC invocations=0 (full 0):
 garbage-first heap   total 129024K, used 22528K [0x0000000083200000, 0x0000000100000000)
  region size 1024K, 23 young (23552K), 0 survivors (0K)
 Metaspace       used 5000K, committed 5184K, reserved 1056768K
  class space    used 540K, committed 640K, reserved 1048576K
}
Event: 0.795 GC heap after
{Heap after GC invocations=1 (full 0):
 garbage-first heap   total 129024K, used 3051K [0x0000000083200000, 0x0000000100000000)
  region size 1024K, 3 young (3072K), 3 survivors (3072K)
 Metaspace       used 5000K, committed 5184K, reserved 1056768K
  class space    used 540K, committed 640K, reserved 1048576K
}
Event: 1.762 GC heap before
{Heap before GC invocations=1 (full 0):
 garbage-first heap   total 129024K, used 35819K [0x0000000083200000, 0x0000000100000000)
  region size 1024K, 35 young (35840K), 3 survivors (3072K)
 Metaspace       used 12376K, committed 12608K, reserved 1064960K
  class space    used 1731K, committed 1856K, reserved 1048576K
}
Event: 1.767 GC heap after
{Heap after GC invocations=2 (full 0):
 garbage-first heap   total 129024K, used 6939K [0x0000000083200000, 0x0000000100000000)
  region size 1024K, 4 young (4096K), 4 survivors (4096K)
 Metaspace       used 12376K, committed 12608K, reserved 1064960K
  class space    used 1731K, committed 1856K, reserved 1048576K
}

Deoptimization events (20 events):
Event: 22.222 Thread 0x000002a3f29c2b90 DEOPT PACKING pc=0x000002a3d94cab34 sp=0x000000bdce4fd270
Event: 22.222 Thread 0x000002a3f29c2b90 DEOPT UNPACKING pc=0x000002a3d8b9e77e sp=0x000000bdce4fc760 mode 1
Event: 22.224 Thread 0x000002a3f29c2b90 Uncommon trap: trap_request=0xffffff45 fr.pc=0x000002a3e06c2f40 relative=0x00000000000000a0
Event: 22.224 Thread 0x000002a3f29c2b90 Uncommon trap: reason=unstable_if action=reinterpret pc=0x000002a3e06c2f40 method=java.nio.Buffer.position(I)Ljava/nio/Buffer; @ 37 c2
Event: 22.224 Thread 0x000002a3f29c2b90 DEOPT PACKING pc=0x000002a3e06c2f40 sp=0x000000bdce4fcc90
Event: 22.224 Thread 0x000002a3f29c2b90 DEOPT UNPACKING pc=0x000002a3d8b9f92e sp=0x000000bdce4fcc18 mode 2
Event: 22.225 Thread 0x000002a3f29c2b90 DEOPT PACKING pc=0x000002a3d920fb9c sp=0x000000bdce4fc7f0
Event: 22.225 Thread 0x000002a3f29c2b90 DEOPT UNPACKING pc=0x000002a3d8b9e77e sp=0x000000bdce4fbc88 mode 1
Event: 22.225 Thread 0x000002a3f29c2b90 DEOPT PACKING pc=0x000002a3d920f064 sp=0x000000bdce4fc8c0
Event: 22.225 Thread 0x000002a3f29c2b90 DEOPT UNPACKING pc=0x000002a3d8b9e77e sp=0x000000bdce4fbd78 mode 1
Event: 22.225 Thread 0x000002a3f29c2b90 DEOPT PACKING pc=0x000002a3d94cab34 sp=0x000000bdce4fd330
Event: 22.225 Thread 0x000002a3f29c2b90 DEOPT UNPACKING pc=0x000002a3d8b9e77e sp=0x000000bdce4fc820 mode 1
Event: 22.225 Thread 0x000002a3f29c2b90 DEOPT PACKING pc=0x000002a3d920fb9c sp=0x000000bdce4fc8c0
Event: 22.225 Thread 0x000002a3f29c2b90 DEOPT UNPACKING pc=0x000002a3d8b9e77e sp=0x000000bdce4fbd58 mode 1
Event: 22.226 Thread 0x000002a3f29c2b90 DEOPT PACKING pc=0x000002a3d920f064 sp=0x000000bdce4fc990
Event: 22.226 Thread 0x000002a3f29c2b90 DEOPT UNPACKING pc=0x000002a3d8b9e77e sp=0x000000bdce4fbe48 mode 1
Event: 22.226 Thread 0x000002a3f29c2b90 DEOPT PACKING pc=0x000002a3d94cab34 sp=0x000000bdce4fd400
Event: 22.226 Thread 0x000002a3f29c2b90 DEOPT UNPACKING pc=0x000002a3d8b9e77e sp=0x000000bdce4fc8f0 mode 1
Event: 22.253 Thread 0x000002a3f2fe79b0 DEOPT PACKING pc=0x000002a3d926c254 sp=0x000000bdcf3feda0
Event: 22.253 Thread 0x000002a3f2fe79b0 DEOPT UNPACKING pc=0x000002a3d8b9e77e sp=0x000000bdcf3fe200 mode 1

Classes unloaded (0 events):
No events

Classes redefined (0 events):
No events

Internal exceptions (20 events):
Event: 0.598 Thread 0x000002a3cfbdbdb0 Exception <a 'java/lang/NoSuchMethodError'{0x000000008a281530}: 'int java.lang.invoke.DirectMethodHandle$Holder.invokeStaticInit(java.lang.Object, java.lang.Object, java.lang.Object)'> (0x000000008a281530) 
thrown [t:\workspace\open\src\hotspot\share\interpreter\linkResolver.cpp, line 790]
Event: 0.633 Thread 0x000002a3cfbdbdb0 Exception <a 'java/lang/NoSuchMethodError'{0x000000008a1f6cf0}: 'java.lang.Object java.lang.invoke.DirectMethodHandle$Holder.newInvokeSpecial(java.lang.Object, java.lang.Object, int, java.lang.Object)'> (0x000000008a1f6cf0) 
thrown [t:\workspace\open\src\hotspot\share\interpreter\linkResolver.cpp, line 790]
Event: 0.633 Thread 0x000002a3cfbdbdb0 Exception <a 'java/lang/NoSuchMethodError'{0x000000008a0f2268}: 'java.lang.Object java.lang.invoke.DirectMethodHandle$Holder.invokeSpecial(java.lang.Object, java.lang.Object, java.lang.Object, int, java.lang.Object)'> (0x000000008a0f2268) 
thrown [t:\workspace\open\src\hotspot\share\interpreter\linkResolver.cpp, line 790]
Event: 0.709 Thread 0x000002a3f29c2b90 Exception <a 'java/lang/NoSuchMethodError'{0x0000000089d5f420}: 'void java.lang.invoke.DirectMethodHandle$Holder.invokeStaticInit(java.lang.Object)'> (0x0000000089d5f420) 
thrown [t:\workspace\open\src\hotspot\share\interpreter\linkResolver.cpp, line 790]
Event: 0.712 Thread 0x000002a3cfbdbdb0 Exception <a 'java/lang/NoSuchMethodError'{0x0000000089d7e9b8}: 'java.lang.Object java.lang.invoke.DirectMethodHandle$Holder.newInvokeSpecial(java.lang.Object, java.lang.Object, java.lang.Object, java.lang.Object, java.lang.Object, java.lang.Object)'> (0x0000000089d7e9b8) 
thrown [t:\workspace\open\src\hotspot\share\interpreter\linkResolver.cpp, line 790]
Event: 0.728 Thread 0x000002a3cfbdbdb0 Exception <a 'java/lang/NoSuchMethodError'{0x0000000089db5410}: 'java.lang.Object java.lang.invoke.DirectMethodHandle$Holder.newInvokeSpecial(java.lang.Object, java.lang.Object, java.lang.Object, java.lang.Object, java.lang.Object)'> (0x0000000089db5410) 
thrown [t:\workspace\open\src\hotspot\share\interpreter\linkResolver.cpp, line 790]
Event: 0.730 Thread 0x000002a3f1a552c0 Exception <a 'java/lang/NoSuchMethodError'{0x0000000089cf6498}: 'void java.lang.invoke.DirectMethodHandle$Holder.invokeStatic(java.lang.Object, java.lang.Object, java.lang.Object, java.lang.Object)'> (0x0000000089cf6498) 
thrown [t:\workspace\open\src\hotspot\share\interpreter\linkResolver.cpp, line 790]
Event: 0.862 Thread 0x000002a3f29c2b90 Exception <a 'java/lang/NoSuchMethodError'{0x000000008ab8bd08}: 'java.lang.Object java.lang.invoke.DirectMethodHandle$Holder.invokeStaticInit(java.lang.Object, java.lang.Object, java.lang.Object, java.lang.Object)'> (0x000000008ab8bd08) 
thrown [t:\workspace\open\src\hotspot\share\interpreter\linkResolver.cpp, line 790]
Event: 0.864 Thread 0x000002a3f29c2b90 Exception <a 'java/lang/NullPointerException'{0x000000008ab98350}> (0x000000008ab98350) 
thrown [t:\workspace\open\src\hotspot\share\interpreter\linkResolver.cpp, line 1385]
Event: 0.868 Thread 0x000002a3f29c2b90 Exception <a 'java/lang/NoSuchMethodError'{0x000000008abc17b0}: 'void java.lang.invoke.DirectMethodHandle$Holder.invokeSpecial(java.lang.Object, java.lang.Object, java.lang.Object, java.lang.Object, java.lang.Object)'> (0x000000008abc17b0) 
thrown [t:\workspace\open\src\hotspot\share\interpreter\linkResolver.cpp, line 790]
Event: 1.021 Thread 0x000002a3f29c2b90 Exception <a 'java/lang/NoSuchMethodError'{0x000000008a31ec20}: 'void java.lang.invoke.DirectMethodHandle$Holder.invokeStaticInit(java.lang.Object, java.lang.Object)'> (0x000000008a31ec20) 
thrown [t:\workspace\open\src\hotspot\share\interpreter\linkResolver.cpp, line 790]
Event: 1.301 Thread 0x000002a3f29c2b90 Exception <a 'java/lang/NoSuchMethodError'{0x0000000089a47c70}: 'java.lang.Object java.lang.invoke.DirectMethodHandle$Holder.invokeStaticInit(java.lang.Object, int, int, int, int)'> (0x0000000089a47c70) 
thrown [t:\workspace\open\src\hotspot\share\interpreter\linkResolver.cpp, line 790]
Event: 1.351 Thread 0x000002a3f29c2b90 Exception <a 'java/lang/NoSuchMethodError'{0x0000000089943238}: 'java.lang.Object java.lang.invoke.DirectMethodHandle$Holder.invokeStaticInit(java.lang.Object, java.lang.Object, int, int, int, int)'> (0x0000000089943238) 
thrown [t:\workspace\open\src\hotspot\share\interpreter\linkResolver.cpp, line 790]
Event: 1.512 Thread 0x000002a3f29c2b90 Exception <a 'java/lang/NoSuchMethodError'{0x000000008923ae98}: 'java.lang.Object java.lang.invoke.DirectMethodHandle$Holder.invokeStatic(java.lang.Object, java.lang.Object, int, java.lang.Object)'> (0x000000008923ae98) 
thrown [t:\workspace\open\src\hotspot\share\interpreter\linkResolver.cpp, line 790]
Event: 1.513 Thread 0x000002a3f29c2b90 Exception <a 'java/lang/NoSuchMethodError'{0x0000000089241a40}: 'java.lang.Object java.lang.invoke.DirectMethodHandle$Holder.newInvokeSpecial(java.lang.Object, java.lang.Object, int)'> (0x0000000089241a40) 
thrown [t:\workspace\open\src\hotspot\share\interpreter\linkResolver.cpp, line 790]
Event: 1.789 Thread 0x000002a3f29c2b90 Implicit null exception at 0x000002a3e063f358 to 0x000002a3e063f3ee
Event: 1.805 Thread 0x000002a3f29c2b90 Implicit null exception at 0x000002a3e0684a3c to 0x000002a3e0685004
Event: 1.806 Thread 0x000002a3f29c2b90 Implicit null exception at 0x000002a3e06814b8 to 0x000002a3e0681a5c
Event: 1.806 Thread 0x000002a3f29c2b90 Implicit null exception at 0x000002a3e063e9af to 0x000002a3e063ea2d
Event: 5.004 Thread 0x000002a3f29c2b90 Implicit null exception at 0x000002a3e06986f7 to 0x000002a3e0698e20

Events (20 events):
Event: 22.250 loading class jdk/internal/misc/Signal$1 done
Event: 22.251 Thread 0x000002a3f2fe8ef0 Thread added: 0x000002a3f2fe8ef0
Event: 22.252 Thread 0x000002a3f2fe89a0 Thread added: 0x000002a3f2fe89a0
Event: 22.252 Thread 0x000002a3f2fe79b0 Thread added: 0x000002a3f2fe79b0
Event: 22.252 Thread 0x000002a3f2fe9440 Thread added: 0x000002a3f2fe9440
Event: 22.252 loading class com/sun/javafx/tk/quantum/QuantumRenderer
Event: 22.252 loading class com/sun/javafx/tk/quantum/QuantumRenderer done
Event: 22.252 loading class com/sun/javafx/font/PrismFontFile
Event: 22.252 loading class com/sun/javafx/font/PrismFontFile done
Event: 22.252 Thread 0x000002a3f2fe9440 Thread exited: 0x000002a3f2fe9440
Event: 22.253 loading class com/sun/javafx/tk/quantum/QuantumToolkit
Event: 22.253 loading class com/sun/javafx/tk/quantum/QuantumToolkit done
Event: 22.253 Thread 0x000002a3f2fe79b0 Thread exited: 0x000002a3f2fe79b0
Event: 22.254 loading class com/sun/glass/ui/GestureSupport
Event: 22.254 loading class com/sun/glass/ui/GestureSupport done
Event: 22.254 loading class com/sun/glass/ui/TouchInputSupport
Event: 22.254 loading class com/sun/glass/ui/TouchInputSupport done
Event: 22.254 loading class com/sun/glass/ui/TouchInputSupport
Event: 22.254 loading class com/sun/glass/ui/TouchInputSupport done
Event: 22.260 Thread 0x000002a3f13a0de0 Thread exited: 0x000002a3f13a0de0


Dynamic libraries:
0x00007ff6fad40000 - 0x00007ff6fad50000 	C:\Program Files\Java\jdk-16\bin\java.exe
0x00007ffd8fa90000 - 0x00007ffd8fc85000 	C:\Windows\SYSTEM32\ntdll.dll
0x00007ffd8f6e0000 - 0x00007ffd8f79d000 	C:\Windows\System32\KERNEL32.DLL
0x00007ffd8d220000 - 0x00007ffd8d4e8000 	C:\Windows\System32\KERNELBASE.dll
0x00007ffd8d9c0000 - 0x00007ffd8dac0000 	C:\Windows\System32\ucrtbase.dll
0x00007ffd7b9c0000 - 0x00007ffd7b9d8000 	C:\Program Files\Java\jdk-16\bin\jli.dll
0x00007ffd7e270000 - 0x00007ffd7e289000 	C:\Program Files\Java\jdk-16\bin\VCRUNTIME140.dll
0x00007ffd8eff0000 - 0x00007ffd8f09c000 	C:\Windows\System32\ADVAPI32.dll
0x00007ffd8f0b0000 - 0x00007ffd8f14e000 	C:\Windows\System32\msvcrt.dll
0x00007ffd8de60000 - 0x00007ffd8defb000 	C:\Windows\System32\sechost.dll
0x00007ffd8e6c0000 - 0x00007ffd8e7eb000 	C:\Windows\System32\RPCRT4.dll
0x00007ffd8f540000 - 0x00007ffd8f6e0000 	C:\Windows\System32\USER32.dll
0x00007ffd8d930000 - 0x00007ffd8d952000 	C:\Windows\System32\win32u.dll
0x00007ffd78540000 - 0x00007ffd787da000 	C:\Windows\WinSxS\amd64_microsoft.windows.common-controls_6595b64144ccf1df_6.0.19041.844_none_ca00b6081b84eb1d\COMCTL32.dll
0x00007ffd8f1d0000 - 0x00007ffd8f1fa000 	C:\Windows\System32\GDI32.dll
0x00007ffd8d7a0000 - 0x00007ffd8d8ab000 	C:\Windows\System32\gdi32full.dll
0x00007ffd8d700000 - 0x00007ffd8d79d000 	C:\Windows\System32\msvcp_win.dll
0x00007ffd87940000 - 0x00007ffd8794a000 	C:\Windows\SYSTEM32\VERSION.dll
0x00007ffd8ea70000 - 0x00007ffd8eaa0000 	C:\Windows\System32\IMM32.DLL
0x00007ffd86160000 - 0x00007ffd8616c000 	C:\Program Files\Java\jdk-16\bin\vcruntime140_1.dll
0x00007ffd4d990000 - 0x00007ffd4da21000 	C:\Program Files\Java\jdk-16\bin\msvcp140.dll
0x00007ffd32d00000 - 0x00007ffd338ab000 	C:\Program Files\Java\jdk-16\bin\server\jvm.dll
0x00007ffd8df00000 - 0x00007ffd8df08000 	C:\Windows\System32\PSAPI.DLL
0x00007ffd822b0000 - 0x00007ffd822d7000 	C:\Windows\SYSTEM32\WINMM.dll
0x00007ffd7e810000 - 0x00007ffd7e819000 	C:\Windows\SYSTEM32\WSOCK32.dll
0x00007ffd8ea00000 - 0x00007ffd8ea6b000 	C:\Windows\System32\WS2_32.dll
0x00007ffd8baf0000 - 0x00007ffd8bb02000 	C:\Windows\SYSTEM32\kernel.appcore.dll
0x00007ffd85580000 - 0x00007ffd8558a000 	C:\Program Files\Java\jdk-16\bin\jimage.dll
0x00007ffd8b020000 - 0x00007ffd8b204000 	C:\Windows\SYSTEM32\DBGHELP.DLL
0x00007ffd85cb0000 - 0x00007ffd85cdc000 	C:\Windows\SYSTEM32\dbgcore.DLL
0x00007ffd8d8b0000 - 0x00007ffd8d930000 	C:\Windows\System32\bcryptPrimitives.dll
0x00007ffd6e4c0000 - 0x00007ffd6e4fb000 	C:\Program Files\Java\jdk-16\bin\jdwp.dll
0x00007ffd7b5e0000 - 0x00007ffd7b5ee000 	C:\Program Files\Java\jdk-16\bin\instrument.dll
0x00007ffd7b5f0000 - 0x00007ffd7b615000 	C:\Program Files\Java\jdk-16\bin\java.dll
0x00007ffd8df70000 - 0x00007ffd8e6b2000 	C:\Windows\System32\SHELL32.dll
0x00007ffd8b300000 - 0x00007ffd8ba90000 	C:\Windows\SYSTEM32\windows.storage.dll
0x00007ffd8db00000 - 0x00007ffd8de55000 	C:\Windows\System32\combase.dll
0x00007ffd8cb70000 - 0x00007ffd8cb9c000 	C:\Windows\SYSTEM32\Wldp.dll
0x00007ffd8e7f0000 - 0x00007ffd8e89e000 	C:\Windows\System32\SHCORE.dll
0x00007ffd8f7a0000 - 0x00007ffd8f7f5000 	C:\Windows\System32\shlwapi.dll
0x00007ffd8d110000 - 0x00007ffd8d12f000 	C:\Windows\SYSTEM32\profapi.dll
0x00007ffd72d60000 - 0x00007ffd72d79000 	C:\Program Files\Java\jdk-16\bin\net.dll
0x00007ffd83e80000 - 0x00007ffd83f8b000 	C:\Windows\SYSTEM32\WINHTTP.dll
0x00007ffd8c8e0000 - 0x00007ffd8c94a000 	C:\Windows\system32\mswsock.dll
0x00007ffd729b0000 - 0x00007ffd729c3000 	C:\Program Files\Java\jdk-16\bin\nio.dll
0x00007ffd70050000 - 0x00007ffd70068000 	C:\Program Files\Java\jdk-16\bin\zip.dll
0x00007ffd7b5d0000 - 0x00007ffd7b5dc000 	C:\Program Files\Java\jdk-16\bin\dt_socket.dll
0x00007ffd8c5d0000 - 0x00007ffd8c60b000 	C:\Windows\SYSTEM32\IPHLPAPI.DLL
0x000002a3cfd00000 - 0x000002a3cfd03000 	C:\javaFX\javafx-sdk-16\bin\api-ms-win-core-console-l1-1-0.dll
0x000002a3efb20000 - 0x000002a3efb23000 	C:\javaFX\javafx-sdk-16\bin\api-ms-win-core-console-l1-2-0.dll
0x000002a3efb30000 - 0x000002a3efb33000 	C:\javaFX\javafx-sdk-16\bin\api-ms-win-core-datetime-l1-1-0.dll
0x000002a3efb40000 - 0x000002a3efb43000 	C:\javaFX\javafx-sdk-16\bin\api-ms-win-core-debug-l1-1-0.dll
0x000002a3efb50000 - 0x000002a3efb53000 	C:\javaFX\javafx-sdk-16\bin\api-ms-win-core-errorhandling-l1-1-0.dll
0x000002a3efb60000 - 0x000002a3efb64000 	C:\javaFX\javafx-sdk-16\bin\api-ms-win-core-file-l1-1-0.dll
0x000002a3efb70000 - 0x000002a3efb73000 	C:\javaFX\javafx-sdk-16\bin\api-ms-win-core-file-l1-2-0.dll
0x000002a3efb80000 - 0x000002a3efb83000 	C:\javaFX\javafx-sdk-16\bin\api-ms-win-core-file-l2-1-0.dll
0x000002a3efb90000 - 0x000002a3efb93000 	C:\javaFX\javafx-sdk-16\bin\api-ms-win-core-handle-l1-1-0.dll
0x000002a3efba0000 - 0x000002a3efba3000 	C:\javaFX\javafx-sdk-16\bin\api-ms-win-core-heap-l1-1-0.dll
0x000002a3efbb0000 - 0x000002a3efbb3000 	C:\javaFX\javafx-sdk-16\bin\api-ms-win-core-interlocked-l1-1-0.dll
0x000002a3efbc0000 - 0x000002a3efbc3000 	C:\javaFX\javafx-sdk-16\bin\api-ms-win-core-libraryloader-l1-1-0.dll
0x000002a3efbd0000 - 0x000002a3efbd3000 	C:\javaFX\javafx-sdk-16\bin\api-ms-win-core-localization-l1-2-0.dll
0x000002a3efbe0000 - 0x000002a3efbe3000 	C:\javaFX\javafx-sdk-16\bin\api-ms-win-core-memory-l1-1-0.dll
0x000002a3efbf0000 - 0x000002a3efbf3000 	C:\javaFX\javafx-sdk-16\bin\api-ms-win-core-namedpipe-l1-1-0.dll
0x000002a3f20d0000 - 0x000002a3f20d3000 	C:\javaFX\javafx-sdk-16\bin\api-ms-win-core-processenvironment-l1-1-0.dll
0x000002a3f2320000 - 0x000002a3f2323000 	C:\javaFX\javafx-sdk-16\bin\api-ms-win-core-processthreads-l1-1-0.dll
0x000002a3f2330000 - 0x000002a3f2333000 	C:\javaFX\javafx-sdk-16\bin\api-ms-win-core-processthreads-l1-1-1.dll
0x000002a3f2340000 - 0x000002a3f2343000 	C:\javaFX\javafx-sdk-16\bin\api-ms-win-core-profile-l1-1-0.dll
0x000002a3f2350000 - 0x000002a3f2353000 	C:\javaFX\javafx-sdk-16\bin\api-ms-win-core-rtlsupport-l1-1-0.dll
0x000002a3f2360000 - 0x000002a3f2363000 	C:\javaFX\javafx-sdk-16\bin\api-ms-win-core-string-l1-1-0.dll
0x000002a3f2370000 - 0x000002a3f2373000 	C:\javaFX\javafx-sdk-16\bin\api-ms-win-core-synch-l1-1-0.dll
0x000002a3f2380000 - 0x000002a3f2383000 	C:\javaFX\javafx-sdk-16\bin\api-ms-win-core-synch-l1-2-0.dll
0x000002a3f2390000 - 0x000002a3f2393000 	C:\javaFX\javafx-sdk-16\bin\api-ms-win-core-sysinfo-l1-1-0.dll
0x000002a3f23a0000 - 0x000002a3f23a3000 	C:\javaFX\javafx-sdk-16\bin\api-ms-win-core-timezone-l1-1-0.dll
0x000002a3f23b0000 - 0x000002a3f23b3000 	C:\javaFX\javafx-sdk-16\bin\api-ms-win-core-util-l1-1-0.dll
0x000002a3f23c0000 - 0x000002a3f23c3000 	C:\javaFX\javafx-sdk-16\bin\api-ms-win-crt-conio-l1-1-0.dll
0x000002a3f23d0000 - 0x000002a3f23d4000 	C:\javaFX\javafx-sdk-16\bin\api-ms-win-crt-convert-l1-1-0.dll
0x000002a3f23e0000 - 0x000002a3f23e3000 	C:\javaFX\javafx-sdk-16\bin\api-ms-win-crt-environment-l1-1-0.dll
0x000002a3f23f0000 - 0x000002a3f23f3000 	C:\javaFX\javafx-sdk-16\bin\api-ms-win-crt-filesystem-l1-1-0.dll
0x000002a3f2400000 - 0x000002a3f2403000 	C:\javaFX\javafx-sdk-16\bin\api-ms-win-crt-heap-l1-1-0.dll
0x000002a3f2410000 - 0x000002a3f2413000 	C:\javaFX\javafx-sdk-16\bin\api-ms-win-crt-locale-l1-1-0.dll
0x000002a3f2420000 - 0x000002a3f2425000 	C:\javaFX\javafx-sdk-16\bin\api-ms-win-crt-math-l1-1-0.dll
0x000002a3f2430000 - 0x000002a3f2435000 	C:\javaFX\javafx-sdk-16\bin\api-ms-win-crt-multibyte-l1-1-0.dll
0x000002a3f2440000 - 0x000002a3f2450000 	C:\javaFX\javafx-sdk-16\bin\api-ms-win-crt-private-l1-1-0.dll
0x000002a3f22a0000 - 0x000002a3f22a3000 	C:\javaFX\javafx-sdk-16\bin\api-ms-win-crt-process-l1-1-0.dll
0x000002a3f22b0000 - 0x000002a3f22b4000 	C:\javaFX\javafx-sdk-16\bin\api-ms-win-crt-runtime-l1-1-0.dll
0x000002a3f22c0000 - 0x000002a3f22c4000 	C:\javaFX\javafx-sdk-16\bin\api-ms-win-crt-stdio-l1-1-0.dll
0x000002a3f22d0000 - 0x000002a3f22d4000 	C:\javaFX\javafx-sdk-16\bin\api-ms-win-crt-string-l1-1-0.dll
0x000002a3f22e0000 - 0x000002a3f22e3000 	C:\javaFX\javafx-sdk-16\bin\api-ms-win-crt-time-l1-1-0.dll
0x000002a3f22f0000 - 0x000002a3f22f3000 	C:\javaFX\javafx-sdk-16\bin\api-ms-win-crt-utility-l1-1-0.dll
0x00007ffd4c940000 - 0x00007ffd4ca3c000 	C:\javaFX\javafx-sdk-16\bin\ucrtbase.dll
0x00007ffd6e4a0000 - 0x00007ffd6e4b9000 	C:\javaFX\javafx-sdk-16\bin\vcruntime140.dll
0x00007ffd72a80000 - 0x00007ffd72a8c000 	C:\javaFX\javafx-sdk-16\bin\vcruntime140_1.dll
0x00007ffd40070000 - 0x00007ffd40101000 	C:\javaFX\javafx-sdk-16\bin\msvcp140.dll
0x00007ffd598c0000 - 0x00007ffd598e7000 	C:\javaFX\javafx-sdk-16\bin\prism_d3d.dll
0x00007ffd4bee0000 - 0x00007ffd4c0ae000 	C:\Windows\system32\d3d9.dll
0x00007ffd8aa90000 - 0x00007ffd8aabf000 	C:\Windows\SYSTEM32\dwmapi.dll
0x00007ffd8a8c0000 - 0x00007ffd8a95e000 	C:\Windows\system32\uxtheme.dll
0x00007ffd8f410000 - 0x00007ffd8f53a000 	C:\Windows\System32\ole32.dll
0x00007ffd8f800000 - 0x00007ffd8f8cd000 	C:\Windows\System32\OLEAUT32.dll
0x00007ffd8d1d0000 - 0x00007ffd8d21e000 	C:\Windows\System32\cfgmgr32.dll
0x00007ffd8dac0000 - 0x00007ffd8dae7000 	C:\Windows\System32\bcrypt.dll
0x00007ffd72d20000 - 0x00007ffd72d30000 	C:\Program Files\Java\jdk-16\bin\verify.dll
0x00007ffd40020000 - 0x00007ffd40062000 	C:\javaFX\javafx-sdk-16\bin\glass.dll
0x00007ffd8ef10000 - 0x00007ffd8efea000 	C:\Windows\System32\COMDLG32.dll
0x00007ffd8f8d0000 - 0x00007ffd8f9e5000 	C:\Windows\System32\MSCTF.dll
0x00007ffd8cac0000 - 0x00007ffd8cad8000 	C:\Windows\SYSTEM32\CRYPTSP.dll
0x00007ffd8c280000 - 0x00007ffd8c2b4000 	C:\Windows\system32\rsaenh.dll
0x00007ffd8cab0000 - 0x00007ffd8cabc000 	C:\Windows\SYSTEM32\CRYPTBASE.dll
0x00007ffd6b6d0000 - 0x00007ffd6b70b000 	C:\Windows\SYSTEM32\dxcore.dll
0x00007ffd64130000 - 0x00007ffd64144000 	C:\javaFX\javafx-sdk-16\bin\javafx_font.dll
0x00007ffd68d90000 - 0x00007ffd6900f000 	C:\Windows\SYSTEM32\dwrite.dll
0x00007ffd8d0d0000 - 0x00007ffd8d0fe000 	C:\Windows\SYSTEM32\USERENV.dll
0x00007ffd8daf0000 - 0x00007ffd8daf8000 	C:\Windows\System32\NSI.dll
0x00007ffd86170000 - 0x00007ffd86187000 	C:\Windows\SYSTEM32\dhcpcsvc6.DLL
0x00007ffd86060000 - 0x00007ffd8607d000 	C:\Windows\SYSTEM32\dhcpcsvc.DLL
0x00007ffd8c610000 - 0x00007ffd8c6dc000 	C:\Windows\SYSTEM32\DNSAPI.dll
0x00007ffd8e8a0000 - 0x00007ffd8e949000 	C:\Windows\System32\clbcatq.dll
0x00007ffd6cee0000 - 0x00007ffd6d094000 	C:\Windows\SYSTEM32\WindowsCodecs.dll
0x00007ffd5aa20000 - 0x00007ffd5aa5e000 	C:\Windows\system32\dataexchange.dll
0x00007ffd89cf0000 - 0x00007ffd89ed5000 	C:\Windows\system32\dcomp.dll
0x00007ffd89a80000 - 0x00007ffd89ce4000 	C:\Windows\system32\d3d11.dll
0x00007ffd8bb10000 - 0x00007ffd8bc04000 	C:\Windows\system32\dxgi.dll
0x00007ffd84a20000 - 0x00007ffd84c21000 	C:\Windows\system32\twinapi.appcore.dll
0x00007ffd50ed0000 - 0x00007ffd50f04000 	C:\Program Files\Common Files\Microsoft Shared\Ink\rtscom.dll

dbghelp: loaded successfully - version: 4.0.5 - missing functions: none
symbol engine: initialized successfully - sym options: 0x614 - pdb path: .;C:\Program Files\Java\jdk-16\bin;C:\Windows\SYSTEM32;C:\Windows\WinSxS\amd64_microsoft.windows.common-controls_6595b64144ccf1df_6.0.19041.844_none_ca00b6081b84eb1d;C:\Program Files\Java\jdk-16\bin\server;C:\javaFX\javafx-sdk-16\bin;C:\Windows\System32\DriverStore\FileRepository\iigd_dch.inf_amd64_a634af1513618033;C:\Program Files\Common Files\Microsoft Shared\Ink

VM Arguments:
jvm_args: -agentlib:jdwp=transport=dt_socket,address=127.0.0.1:49275,suspend=y,server=n --module-path=C:\javaFX\javafx-sdk-16\lib --add-modules=javafx.controls,javafx.fxml -javaagent:C:\Users\dror\AppData\Local\JetBrains\IdeaIC2020.3\captureAgent\debugger-agent.jar -Dfile.encoding=UTF-8 
java_command: view.Main
java_class_path (initial): C:\Users\dror\Documents\PTM2\FlightGear\bin;C:\Users\dror\Documents\PTM2\FlightGear\jarsToInstall\Medusa\Medusa-8.0.jar;C:\javaFX\javafx-sdk-16\lib\src.zip;C:\javaFX\javafx-sdk-16\lib\javafx-swt.jar;C:\javaFX\javafx-sdk-16\lib\javafx.web.jar;C:\javaFX\javafx-sdk-16\lib\javafx.base.jar;C:\javaFX\javafx-sdk-16\lib\javafx.fxml.jar;C:\javaFX\javafx-sdk-16\lib\javafx.media.jar;C:\javaFX\javafx-sdk-16\lib\javafx.swing.jar;C:\javaFX\javafx-sdk-16\lib\javafx.controls.jar;C:\javaFX\javafx-sdk-16\lib\javafx.graphics.jar;C:\javaFX\javafx-font_awesome\fontawesomefx-8.2.jar;C:\Program Files\JetBrains\IntelliJ IDEA Community Edition 2020.3.3\lib\idea_rt.jar
Launcher Type: SUN_STANDARD

[Global flags]
     intx CICompilerCount                          = 4                                         {product} {ergonomic}
     uint ConcGCThreads                            = 2                                         {product} {ergonomic}
     uint G1ConcRefinementThreads                  = 8                                         {product} {ergonomic}
   size_t G1HeapRegionSize                         = 1048576                                   {product} {ergonomic}
    uintx GCDrainStackTargetSize                   = 64                                        {product} {ergonomic}
   size_t InitialHeapSize                          = 132120576                                 {product} {ergonomic}
   size_t MarkStackSize                            = 4194304                                   {product} {ergonomic}
   size_t MaxHeapSize                              = 2095054848                                {product} {ergonomic}
   size_t MaxNewSize                               = 1256194048                                {product} {ergonomic}
   size_t MinHeapDeltaBytes                        = 1048576                                   {product} {ergonomic}
   size_t MinHeapSize                              = 8388608                                   {product} {ergonomic}
    uintx NonNMethodCodeHeapSize                   = 5839372                                {pd product} {ergonomic}
    uintx NonProfiledCodeHeapSize                  = 122909434                              {pd product} {ergonomic}
    uintx ProfiledCodeHeapSize                     = 122909434                              {pd product} {ergonomic}
    uintx ReservedCodeCacheSize                    = 251658240                              {pd product} {ergonomic}
     bool SegmentedCodeCache                       = true                                      {product} {ergonomic}
   size_t SoftMaxHeapSize                          = 2095054848                             {manageable} {ergonomic}
     bool UseCompressedClassPointers               = true                           {product lp64_product} {ergonomic}
     bool UseCompressedOops                        = true                           {product lp64_product} {ergonomic}
     bool UseG1GC                                  = true                                      {product} {ergonomic}
     bool UseLargePagesIndividualAllocation        = false                                  {pd product} {ergonomic}

Logging:
Log output configuration:
 #0: stdout all=warning uptime,level,tags
 #1: stderr all=off uptime,level,tags

Environment Variables:
JAVA_HOME=C:\Progra~1\Java\jdk-16
PATH=C:\Program Files\Common Files\Oracle\Java\javapath;C:\Program Files (x86)\VMware\VMware Workstation\bin\;C:\Windows\system32;C:\Windows;C:\Windows\System32\Wbem;C:\Windows\System32\WindowsPowerShell\v1.0\;C:\Windows\System32\OpenSSH\;C:\Program Files\dotnet\;C:\Program Files\Microsoft SQL Server\130\Tools\Binn\;C:\Program Files\Microsoft SQL Server\Client SDK\ODBC\170\Tools\Binn\;C:\Program Files\Git\cmd;C:\Users\dror\AppData\Local\Microsoft\WindowsApps;C:\Users\dror\.dotnet\tools
USERNAME=dror
OS=Windows_NT
PROCESSOR_IDENTIFIER=Intel64 Family 6 Model 126 Stepping 5, GenuineIntel



---------------  S Y S T E M  ---------------

OS:
 Windows 10 , 64 bit Build 19041 (10.0.19041.928)
OS uptime: 5 days 10:46 hours

CPU: total 8 (initial active 8) (4 cores per cpu, 2 threads per core) family 6 model 126 stepping 5 microcode 0xa0, cx8, cmov, fxsr, ht, mmx, 3dnowpref, sse, sse2, sse3, ssse3, sse4.1, sse4.2, popcnt, lzcnt, tsc, tscinvbit, avx, avx2, aes, erms, clmul, bmi1, bmi2, adx, avx512f, avx512dq, avx512cd, avx512bw, avx512vl, sha, fma, vzeroupper, avx512_vpopcntdq, avx512_vpclmulqdq, avx512_vaes, avx512_vnni, clflush, clflushopt, avx512_vmbi2, avx512_vmbi

Memory: 4k page, system-wide physical 7987M (808M free)
TotalPageFile size 22511M (AvailPageFile size 3939M)
current process WorkingSet (physical memory assigned to process): 121M, peak: 161M
current process commit charge ("private bytes"): 250M, peak: 291M

vm_info: Java HotSpot(TM) 64-Bit Server VM (16+36-2231) for windows-amd64 JRE (16+36-2231), built on Feb  8 2021 11:43:10 by "mach5one" with MS VC++ 16.7 (VS2019)

END.
